# JRE version: 7.0_25-b16
# Java VM: Java HotSpot(TM) Client VM (23.25-b01 mixed mode, sharing windows-x86 )
Heap
 def new generation   total 4992K, used 1007K [0x238e0000, 0x23e40000, 0x28e30000)
  eden space 4480K,  22% used [0x238e0000, 0x239dbe98, 0x23d40000)
  from space 512K,   0% used [0x23d40000, 0x23d40000, 0x23dc0000)
  to   space 512K,   0% used [0x23dc0000, 0x23dc0000, 0x23e40000)
 tenured generation   total 10944K, used 5754K [0x28e30000, 0x298e0000, 0x338e0000)
   the space 10944K,  52% used [0x28e30000, 0x293cea08, 0x293cec00, 0x298e0000)
 compacting perm gen  total 12288K, used 3683K [0x338e0000, 0x344e0000, 0x378e0000)
   the space 12288K,  29% used [0x338e0000, 0x33c78f08, 0x33c79000, 0x344e0000)
    ro space 10240K,  42% used [0x378e0000, 0x37d24240, 0x37d24400, 0x382e0000)
    rw space 12288K,  54% used [0x382e0000, 0x38964d58, 0x38964e00, 0x38ee0000)
GC Heap History (10 events):
Event: 2.924 GC heap before
{Heap before GC invocations=9 (full 0):
 def new generation   total 4928K, used 4912K [0x238e0000, 0x23e30000, 0x28e30000)
  eden space 4416K,  99% used [0x238e0000, 0x23d2c0c0, 0x23d30000)
  from space 512K, 100% used [0x23db0000, 0x23e30000, 0x23e30000)
  to   space 512K,   0% used [0x23d30000, 0x23d30000, 0x23db0000)
 tenured generation   total 10944K, used 7768K [0x28e30000, 0x298e0000, 0x338e0000)
   the space 10944K,  70% used [0x28e30000, 0x295c63d8, 0x295c6400, 0x298e0000)
 compacting perm gen  total 12288K, used 3683K [0x338e0000, 0x344e0000, 0x378e0000)
   the space 12288K,  29% used [0x338e0000, 0x33c78d80, 0x33c78e00, 0x344e0000)
    ro space 10240K,  42% used [0x378e0000, 0x37d24240, 0x37d24400, 0x382e0000)
    rw space 12288K,  54% used [0x382e0000, 0x38964d58, 0x38964e00, 0x38ee0000)
Event: 2.928 GC heap after
Heap after GC invocations=10 (full 0):
 def new generation   total 4928K, used 512K [0x238e0000, 0x23e30000, 0x28e30000)
  eden space 4416K,   0% used [0x238e0000, 0x238e0000, 0x23d30000)
  from space 512K, 100% used [0x23d30000, 0x23db0000, 0x23db0000)
  to   space 512K,   0% used [0x23db0000, 0x23db0000, 0x23e30000)
 tenured generation   total 10944K, used 8451K [0x28e30000, 0x298e0000, 0x338e0000)
   the space 10944K,  77% used [0x28e30000, 0x29670cb8, 0x29670e00, 0x298e0000)
 compacting perm gen  total 12288K, used 3683K [0x338e0000, 0x344e0000, 0x378e0000)
   the space 12288K,  29% used [0x338e0000, 0x33c78d80, 0x33c78e00, 0x344e0000)
    ro space 10240K,  42% used [0x378e0000, 0x37d24240, 0x37d24400, 0x382e0000)
    rw space 12288K,  54% used [0x382e0000, 0x38964d58, 0x38964e00, 0x38ee0000)
}
Event: 3.044 GC heap before
{Heap before GC invocations=10 (full 0):
 def new generation   total 4928K, used 4884K [0x238e0000, 0x23e30000, 0x28e30000)
  eden space 4416K,  99% used [0x238e0000, 0x23d251c0, 0x23d30000)
  from space 512K, 100% used [0x23d30000, 0x23db0000, 0x23db0000)
  to   space 512K,   0% used [0x23db0000, 0x23db0000, 0x23e30000)
 tenured generation   total 10944K, used 8451K [0x28e30000, 0x298e0000, 0x338e0000)
   the space 10944K,  77% used [0x28e30000, 0x29670cb8, 0x29670e00, 0x298e0000)
 compacting perm gen  total 12288K, used 3683K [0x338e0000, 0x344e0000, 0x378e0000)
   the space 12288K,  29% used [0x338e0000, 0x33c78d80, 0x33c78e00, 0x344e0000)
    ro space 10240K,  42% used [0x378e0000, 0x37d24240, 0x37d24400, 0x382e0000)
    rw space 12288K,  54% used [0x382e0000, 0x38964d58, 0x38964e00, 0x38ee0000)
Event: 3.047 GC heap after
Heap after GC invocations=11 (full 0):
 def new generation   total 4928K, used 511K [0x238e0000, 0x23e30000, 0x28e30000)
  eden space 4416K,   0% used [0x238e0000, 0x238e0000, 0x23d30000)
  from space 512K,  99% used [0x23db0000, 0x23e2fff8, 0x23e30000)
  to   space 512K,   0% used [0x23d30000, 0x23d30000, 0x23db0000)
 tenured generation   total 10944K, used 9035K [0x28e30000, 0x298e0000, 0x338e0000)
   the space 10944K,  82% used [0x28e30000, 0x29702c60, 0x29702e00, 0x298e0000)
 compacting perm gen  total 12288K, used 3683K [0x338e0000, 0x344e0000, 0x378e0000)
   the space 12288K,  29% used [0x338e0000, 0x33c78d80, 0x33c78e00, 0x344e0000)
    ro space 10240K,  42% used [0x378e0000, 0x37d24240, 0x37d24400, 0x382e0000)
    rw space 12288K,  54% used [0x382e0000, 0x38964d58, 0x38964e00, 0x38ee0000)
}
Event: 3.178 GC heap before
{Heap before GC invocations=11 (full 0):
 def new generation   total 4928K, used 4927K [0x238e0000, 0x23e30000, 0x28e30000)
  eden space 4416K, 100% used [0x238e0000, 0x23d30000, 0x23d30000)
  from space 512K,  99% used [0x23db0000, 0x23e2fff8, 0x23e30000)
  to   space 512K,   0% used [0x23d30000, 0x23d30000, 0x23db0000)
 tenured generation   total 10944K, used 9035K [0x28e30000, 0x298e0000, 0x338e0000)
   the space 10944K,  82% used [0x28e30000, 0x29702c60, 0x29702e00, 0x298e0000)
 compacting perm gen  total 12288K, used 3683K [0x338e0000, 0x344e0000, 0x378e0000)
   the space 12288K,  29% used [0x338e0000, 0x33c78d80, 0x33c78e00, 0x344e0000)
    ro space 10240K,  42% used [0x378e0000, 0x37d24240, 0x37d24400, 0x382e0000)
    rw space 12288K,  54% used [0x382e0000, 0x38964d58, 0x38964e00, 0x38ee0000)
Event: 3.181 GC heap after
Heap after GC invocations=12 (full 0):
 def new generation   total 4928K, used 512K [0x238e0000, 0x23e30000, 0x28e30000)
  eden space 4416K,   0% used [0x238e0000, 0x238e0000, 0x23d30000)
  from space 512K, 100% used [0x23d30000, 0x23db0000, 0x23db0000)
  to   space 512K,   0% used [0x23db0000, 0x23db0000, 0x23e30000)
 tenured generation   total 10944K, used 9547K [0x28e30000, 0x298e0000, 0x338e0000)
   the space 10944K,  87% used [0x28e30000, 0x29782e50, 0x29783000, 0x298e0000)
 compacting perm gen  total 12288K, used 3683K [0x338e0000, 0x344e0000, 0x378e0000)
   the space 12288K,  29% used [0x338e0000, 0x33c78d80, 0x33c78e00, 0x344e0000)
    ro space 10240K,  42% used [0x378e0000, 0x37d24240, 0x37d24400, 0x382e0000)
    rw space 12288K,  54% used [0x382e0000, 0x38964d58, 0x38964e00, 0x38ee0000)
}
Event: 3.308 GC heap before
{Heap before GC invocations=12 (full 0):
 def new generation   total 4928K, used 4891K [0x238e0000, 0x23e30000, 0x28e30000)
  eden space 4416K,  99% used [0x238e0000, 0x23d26c70, 0x23d30000)
  from space 512K, 100% used [0x23d30000, 0x23db0000, 0x23db0000)
  to   space 512K,   0% used [0x23db0000, 0x23db0000, 0x23e30000)
 tenured generation   total 10944K, used 9547K [0x28e30000, 0x298e0000, 0x338e0000)
   the space 10944K,  87% used [0x28e30000, 0x29782e50, 0x29783000, 0x298e0000)
 compacting perm gen  total 12288K, used 3683K [0x338e0000, 0x344e0000, 0x378e0000)
   the space 12288K,  29% used [0x338e0000, 0x33c78ef8, 0x33c79000, 0x344e0000)
    ro space 10240K,  42% used [0x378e0000, 0x37d24240, 0x37d24400, 0x382e0000)
    rw space 12288K,  54% used [0x382e0000, 0x38964d58, 0x38964e00, 0x38ee0000)
Event: 3.311 GC heap after
Heap after GC invocations=13 (full 0):
 def new generation   total 4928K, used 511K [0x238e0000, 0x23e30000, 0x28e30000)
  eden space 4416K,   0% used [0x238e0000, 0x238e0000, 0x23d30000)
  from space 512K,  99% used [0x23db0000, 0x23e2fff8, 0x23e30000)
  to   space 512K,   0% used [0x23d30000, 0x23d30000, 0x23db0000)
 tenured generation   total 10944K, used 10230K [0x28e30000, 0x298e0000, 0x338e0000)
   the space 10944K,  93% used [0x28e30000, 0x2982da18, 0x2982dc00, 0x298e0000)
 compacting perm gen  total 12288K, used 3683K [0x338e0000, 0x344e0000, 0x378e0000)
   the space 12288K,  29% used [0x338e0000, 0x33c78ef8, 0x33c79000, 0x344e0000)
    ro space 10240K,  42% used [0x378e0000, 0x37d24240, 0x37d24400, 0x382e0000)
    rw space 12288K,  54% used [0x382e0000, 0x38964d58, 0x38964e00, 0x38ee0000)
}
Event: 3.428 GC heap before
{Heap before GC invocations=13 (full 0):
 def new generation   total 4928K, used 4927K [0x238e0000, 0x23e30000, 0x28e30000)
  eden space 4416K, 100% used [0x238e0000, 0x23d30000, 0x23d30000)
  from space 512K,  99% used [0x23db0000, 0x23e2fff8, 0x23e30000)
  to   space 512K,   0% used [0x23d30000, 0x23d30000, 0x23db0000)
 tenured generation   total 10944K, used 10230K [0x28e30000, 0x298e0000, 0x338e0000)
   the space 10944K,  93% used [0x28e30000, 0x2982da18, 0x2982dc00, 0x298e0000)
 compacting perm gen  total 12288K, used 3683K [0x338e0000, 0x344e0000, 0x378e0000)
   the space 12288K,  29% used [0x338e0000, 0x33c78f08, 0x33c79000, 0x344e0000)
    ro space 10240K,  42% used [0x378e0000, 0x37d24240, 0x37d24400, 0x382e0000)
    rw space 12288K,  54% used [0x382e0000, 0x38964d58, 0x38964e00, 0x38ee0000)
Event: 3.466 GC heap after
Heap after GC invocations=14 (full 1):
 def new generation   total 4992K, used 0K [0x238e0000, 0x23e40000, 0x28e30000)
  eden space 4480K,   0% used [0x238e0000, 0x238e0000, 0x23d40000)
  from space 512K,   0% used [0x23d40000, 0x23d40000, 0x23dc0000)
  to   space 512K,   0% used [0x23dc0000, 0x23dc0000, 0x23e40000)
 tenured generation   total 10944K, used 5754K [0x28e30000, 0x298e0000, 0x338e0000)
   the space 10944K,  52% used [0x28e30000, 0x293cea08, 0x293cec00, 0x298e0000)
 compacting perm gen  total 12288K, used 3683K [0x338e0000, 0x344e0000, 0x378e0000)
   the space 12288K,  29% used [0x338e0000, 0x33c78f08, 0x33c79000, 0x344e0000)
    ro space 10240K,  42% used [0x378e0000, 0x37d24240, 0x37d24400, 0x382e0000)
    rw space 12288K,  54% used [0x382e0000, 0x38964d58, 0x38964e00, 0x38ee0000)
}

