# JRE version: 7.0_25-b16
# Java VM: Java HotSpot(TM) Client VM (23.25-b01 mixed mode, sharing windows-x86 )
Heap
 def new generation   total 4992K, used 784K [0x238e0000, 0x23e40000, 0x28e30000)
  eden space 4480K,   6% used [0x238e0000, 0x239241a8, 0x23d40000)
  from space 512K, 100% used [0x23dc0000, 0x23e40000, 0x23e40000)
  to   space 512K,   0% used [0x23d40000, 0x23d40000, 0x23dc0000)
 tenured generation   total 10944K, used 6138K [0x28e30000, 0x298e0000, 0x338e0000)
   the space 10944K,  56% used [0x28e30000, 0x2942e988, 0x2942ea00, 0x298e0000)
 compacting perm gen  total 12288K, used 3682K [0x338e0000, 0x344e0000, 0x378e0000)
   the space 12288K,  29% used [0x338e0000, 0x33c78b50, 0x33c78c00, 0x344e0000)
    ro space 10240K,  42% used [0x378e0000, 0x37d24240, 0x37d24400, 0x382e0000)
    rw space 12288K,  54% used [0x382e0000, 0x38964d58, 0x38964e00, 0x38ee0000)
GC Heap History (10 events):
Event: 2.790 GC heap before
{Heap before GC invocations=10 (full 0):
 def new generation   total 4928K, used 4922K [0x238e0000, 0x23e30000, 0x28e30000)
  eden space 4416K,  99% used [0x238e0000, 0x23d2eae8, 0x23d30000)
  from space 512K, 100% used [0x23d30000, 0x23db0000, 0x23db0000)
  to   space 512K,   0% used [0x23db0000, 0x23db0000, 0x23e30000)
 tenured generation   total 10944K, used 8480K [0x28e30000, 0x298e0000, 0x338e0000)
   the space 10944K,  77% used [0x28e30000, 0x29678010, 0x29678200, 0x298e0000)
 compacting perm gen  total 12288K, used 3682K [0x338e0000, 0x344e0000, 0x378e0000)
   the space 12288K,  29% used [0x338e0000, 0x33c78860, 0x33c78a00, 0x344e0000)
    ro space 10240K,  42% used [0x378e0000, 0x37d24240, 0x37d24400, 0x382e0000)
    rw space 12288K,  54% used [0x382e0000, 0x38964d58, 0x38964e00, 0x38ee0000)
Event: 2.793 GC heap after
Heap after GC invocations=11 (full 0):
 def new generation   total 4928K, used 511K [0x238e0000, 0x23e30000, 0x28e30000)
  eden space 4416K,   0% used [0x238e0000, 0x238e0000, 0x23d30000)
  from space 512K,  99% used [0x23db0000, 0x23e2fff8, 0x23e30000)
  to   space 512K,   0% used [0x23d30000, 0x23d30000, 0x23db0000)
 tenured generation   total 10944K, used 9171K [0x28e30000, 0x298e0000, 0x338e0000)
   the space 10944K,  83% used [0x28e30000, 0x29724c70, 0x29724e00, 0x298e0000)
 compacting perm gen  total 12288K, used 3682K [0x338e0000, 0x344e0000, 0x378e0000)
   the space 12288K,  29% used [0x338e0000, 0x33c78860, 0x33c78a00, 0x344e0000)
    ro space 10240K,  42% used [0x378e0000, 0x37d24240, 0x37d24400, 0x382e0000)
    rw space 12288K,  54% used [0x382e0000, 0x38964d58, 0x38964e00, 0x38ee0000)
}
Event: 2.912 GC heap before
{Heap before GC invocations=11 (full 0):
 def new generation   total 4928K, used 4882K [0x238e0000, 0x23e30000, 0x28e30000)
  eden space 4416K,  98% used [0x238e0000, 0x23d24c00, 0x23d30000)
  from space 512K,  99% used [0x23db0000, 0x23e2fff8, 0x23e30000)
  to   space 512K,   0% used [0x23d30000, 0x23d30000, 0x23db0000)
 tenured generation   total 10944K, used 9171K [0x28e30000, 0x298e0000, 0x338e0000)
   the space 10944K,  83% used [0x28e30000, 0x29724c70, 0x29724e00, 0x298e0000)
 compacting perm gen  total 12288K, used 3682K [0x338e0000, 0x344e0000, 0x378e0000)
   the space 12288K,  29% used [0x338e0000, 0x33c78860, 0x33c78a00, 0x344e0000)
    ro space 10240K,  42% used [0x378e0000, 0x37d24240, 0x37d24400, 0x382e0000)
    rw space 12288K,  54% used [0x382e0000, 0x38964d58, 0x38964e00, 0x38ee0000)
Event: 2.916 GC heap after
Heap after GC invocations=12 (full 0):
 def new generation   total 4928K, used 512K [0x238e0000, 0x23e30000, 0x28e30000)
  eden space 4416K,   0% used [0x238e0000, 0x238e0000, 0x23d30000)
  from space 512K, 100% used [0x23d30000, 0x23db0000, 0x23db0000)
  to   space 512K,   0% used [0x23db0000, 0x23db0000, 0x23e30000)
 tenured generation   total 10944K, used 9614K [0x28e30000, 0x298e0000, 0x338e0000)
   the space 10944K,  87% used [0x28e30000, 0x29793988, 0x29793a00, 0x298e0000)
 compacting perm gen  total 12288K, used 3682K [0x338e0000, 0x344e0000, 0x378e0000)
   the space 12288K,  29% used [0x338e0000, 0x33c78860, 0x33c78a00, 0x344e0000)
    ro space 10240K,  42% used [0x378e0000, 0x37d24240, 0x37d24400, 0x382e0000)
    rw space 12288K,  54% used [0x382e0000, 0x38964d58, 0x38964e00, 0x38ee0000)
}
Event: 3.044 GC heap before
{Heap before GC invocations=12 (full 0):
 def new generation   total 4928K, used 4928K [0x238e0000, 0x23e30000, 0x28e30000)
  eden space 4416K, 100% used [0x238e0000, 0x23d30000, 0x23d30000)
  from space 512K, 100% used [0x23d30000, 0x23db0000, 0x23db0000)
  to   space 512K,   0% used [0x23db0000, 0x23db0000, 0x23e30000)
 tenured generation   total 10944K, used 9614K [0x28e30000, 0x298e0000, 0x338e0000)
   the space 10944K,  87% used [0x28e30000, 0x29793988, 0x29793a00, 0x298e0000)
 compacting perm gen  total 12288K, used 3682K [0x338e0000, 0x344e0000, 0x378e0000)
   the space 12288K,  29% used [0x338e0000, 0x33c78b40, 0x33c78c00, 0x344e0000)
    ro space 10240K,  42% used [0x378e0000, 0x37d24240, 0x37d24400, 0x382e0000)
    rw space 12288K,  54% used [0x382e0000, 0x38964d58, 0x38964e00, 0x38ee0000)
Event: 3.048 GC heap after
Heap after GC invocations=13 (full 0):
 def new generation   total 4928K, used 512K [0x238e0000, 0x23e30000, 0x28e30000)
  eden space 4416K,   0% used [0x238e0000, 0x238e0000, 0x23d30000)
  from space 512K, 100% used [0x23db0000, 0x23e30000, 0x23e30000)
  to   space 512K,   0% used [0x23d30000, 0x23d30000, 0x23db0000)
 tenured generation   total 10944K, used 10371K [0x28e30000, 0x298e0000, 0x338e0000)
   the space 10944K,  94% used [0x28e30000, 0x29850f98, 0x29851000, 0x298e0000)
 compacting perm gen  total 12288K, used 3682K [0x338e0000, 0x344e0000, 0x378e0000)
   the space 12288K,  29% used [0x338e0000, 0x33c78b40, 0x33c78c00, 0x344e0000)
    ro space 10240K,  42% used [0x378e0000, 0x37d24240, 0x37d24400, 0x382e0000)
    rw space 12288K,  54% used [0x382e0000, 0x38964d58, 0x38964e00, 0x38ee0000)
}
Event: 3.173 GC heap before
{Heap before GC invocations=13 (full 0):
 def new generation   total 4928K, used 4906K [0x238e0000, 0x23e30000, 0x28e30000)
  eden space 4416K,  99% used [0x238e0000, 0x23d2a880, 0x23d30000)
  from space 512K, 100% used [0x23db0000, 0x23e30000, 0x23e30000)
  to   space 512K,   0% used [0x23d30000, 0x23d30000, 0x23db0000)
 tenured generation   total 10944K, used 10371K [0x28e30000, 0x298e0000, 0x338e0000)
   the space 10944K,  94% used [0x28e30000, 0x29850f98, 0x29851000, 0x298e0000)
 compacting perm gen  total 12288K, used 3682K [0x338e0000, 0x344e0000, 0x378e0000)
   the space 12288K,  29% used [0x338e0000, 0x33c78b50, 0x33c78c00, 0x344e0000)
    ro space 10240K,  42% used [0x378e0000, 0x37d24240, 0x37d24400, 0x382e0000)
    rw space 12288K,  54% used [0x382e0000, 0x38964d58, 0x38964e00, 0x38ee0000)
Event: 3.210 GC heap after
Heap after GC invocations=14 (full 1):
 def new generation   total 4992K, used 0K [0x238e0000, 0x23e40000, 0x28e30000)
  eden space 4480K,   0% used [0x238e0000, 0x238e0000, 0x23d40000)
  from space 512K,   0% used [0x23d40000, 0x23d40000, 0x23dc0000)
  to   space 512K,   0% used [0x23dc0000, 0x23dc0000, 0x23e40000)
 tenured generation   total 10944K, used 5606K [0x28e30000, 0x298e0000, 0x338e0000)
   the space 10944K,  51% used [0x28e30000, 0x293a9990, 0x293a9a00, 0x298e0000)
 compacting perm gen  total 12288K, used 3682K [0x338e0000, 0x344e0000, 0x378e0000)
   the space 12288K,  29% used [0x338e0000, 0x33c78b50, 0x33c78c00, 0x344e0000)
    ro space 10240K,  42% used [0x378e0000, 0x37d24240, 0x37d24400, 0x382e0000)
    rw space 12288K,  54% used [0x382e0000, 0x38964d58, 0x38964e00, 0x38ee0000)
}
Event: 3.380 GC heap before
{Heap before GC invocations=14 (full 1):
 def new generation   total 4992K, used 4480K [0x238e0000, 0x23e40000, 0x28e30000)
  eden space 4480K, 100% used [0x238e0000, 0x23d40000, 0x23d40000)
  from space 512K,   0% used [0x23d40000, 0x23d40000, 0x23dc0000)
  to   space 512K,   0% used [0x23dc0000, 0x23dc0000, 0x23e40000)
 tenured generation   total 10944K, used 5606K [0x28e30000, 0x298e0000, 0x338e0000)
   the space 10944K,  51% used [0x28e30000, 0x293a9990, 0x293a9a00, 0x298e0000)
 compacting perm gen  total 12288K, used 3682K [0x338e0000, 0x344e0000, 0x378e0000)
   the space 12288K,  29% used [0x338e0000, 0x33c78b50, 0x33c78c00, 0x344e0000)
    ro space 10240K,  42% used [0x378e0000, 0x37d24240, 0x37d24400, 0x382e0000)
    rw space 12288K,  54% used [0x382e0000, 0x38964d58, 0x38964e00, 0x38ee0000)
Event: 3.383 GC heap after
Heap after GC invocations=15 (full 1):
 def new generation   total 4992K, used 512K [0x238e0000, 0x23e40000, 0x28e30000)
  eden space 4480K,   0% used [0x238e0000, 0x238e0000, 0x23d40000)
  from space 512K, 100% used [0x23dc0000, 0x23e40000, 0x23e40000)
  to   space 512K,   0% used [0x23d40000, 0x23d40000, 0x23dc0000)
 tenured generation   total 10944K, used 6138K [0x28e30000, 0x298e0000, 0x338e0000)
   the space 10944K,  56% used [0x28e30000, 0x2942e988, 0x2942ea00, 0x298e0000)
 compacting perm gen  total 12288K, used 3682K [0x338e0000, 0x344e0000, 0x378e0000)
   the space 12288K,  29% used [0x338e0000, 0x33c78b50, 0x33c78c00, 0x344e0000)
    ro space 10240K,  42% used [0x378e0000, 0x37d24240, 0x37d24400, 0x382e0000)
    rw space 12288K,  54% used [0x382e0000, 0x38964d58, 0x38964e00, 0x38ee0000)
}

