# JRE version: 7.0_25-b16
# Java VM: Java HotSpot(TM) Client VM (23.25-b01 mixed mode windows-x86 )
Heap
 def new generation   total 8320K, used 7273K [0x03700000, 0x04000000, 0x08c50000)
  eden space 7424K,  85% used [0x03700000, 0x03d3a460, 0x03e40000)
  from space 896K, 100% used [0x03e40000, 0x03f20000, 0x03f20000)
  to   space 896K,   0% used [0x03f20000, 0x03f20000, 0x04000000)
 tenured generation   total 18384K, used 14852K [0x08c50000, 0x09e44000, 0x13700000)
   the space 18384K,  80% used [0x08c50000, 0x09ad12b8, 0x09ad1400, 0x09e44000)
 compacting perm gen  total 12288K, used 5687K [0x13700000, 0x14300000, 0x17700000)
   the space 12288K,  46% used [0x13700000, 0x13c8dc38, 0x13c8de00, 0x14300000)
GC Heap History (10 events):
Event: 6.000 GC heap before
{Heap before GC invocations=25 (full 2):
 def new generation   total 5888K, used 5887K [0x03700000, 0x03d60000, 0x08c50000)
  eden space 5248K, 100% used [0x03700000, 0x03c20000, 0x03c20000)
  from space 640K,  99% used [0x03cc0000, 0x03d5fff8, 0x03d60000)
  to   space 640K,   0% used [0x03c20000, 0x03c20000, 0x03cc0000)
 tenured generation   total 12952K, used 10615K [0x08c50000, 0x098f6000, 0x13700000)
   the space 12952K,  81% used [0x08c50000, 0x096adf48, 0x096ae000, 0x098f6000)
 compacting perm gen  total 12288K, used 5687K [0x13700000, 0x14300000, 0x17700000)
   the space 12288K,  46% used [0x13700000, 0x13c8dc18, 0x13c8de00, 0x14300000)
No shared spaces configured.
Event: 6.004 GC heap after
Heap after GC invocations=26 (full 2):
 def new generation   total 5888K, used 640K [0x03700000, 0x03d60000, 0x08c50000)
  eden space 5248K,   0% used [0x03700000, 0x03700000, 0x03c20000)
  from space 640K, 100% used [0x03c20000, 0x03cc0000, 0x03cc0000)
  to   space 640K,   0% used [0x03cc0000, 0x03cc0000, 0x03d60000)
 tenured generation   total 12952K, used 11301K [0x08c50000, 0x098f6000, 0x13700000)
   the space 12952K,  87% used [0x08c50000, 0x09759600, 0x09759600, 0x098f6000)
 compacting perm gen  total 12288K, used 5687K [0x13700000, 0x14300000, 0x17700000)
   the space 12288K,  46% used [0x13700000, 0x13c8dc18, 0x13c8de00, 0x14300000)
No shared spaces configured.
}
Event: 6.152 GC heap before
{Heap before GC invocations=26 (full 2):
 def new generation   total 5888K, used 5888K [0x03700000, 0x03d60000, 0x08c50000)
  eden space 5248K, 100% used [0x03700000, 0x03c20000, 0x03c20000)
  from space 640K, 100% used [0x03c20000, 0x03cc0000, 0x03cc0000)
  to   space 640K,   0% used [0x03cc0000, 0x03cc0000, 0x03d60000)
 tenured generation   total 12952K, used 11301K [0x08c50000, 0x098f6000, 0x13700000)
   the space 12952K,  87% used [0x08c50000, 0x09759600, 0x09759600, 0x098f6000)
 compacting perm gen  total 12288K, used 5687K [0x13700000, 0x14300000, 0x17700000)
   the space 12288K,  46% used [0x13700000, 0x13c8dc18, 0x13c8de00, 0x14300000)
No shared spaces configured.
Event: 6.156 GC heap after
Heap after GC invocations=27 (full 2):
 def new generation   total 5888K, used 640K [0x03700000, 0x03d60000, 0x08c50000)
  eden space 5248K,   0% used [0x03700000, 0x03700000, 0x03c20000)
  from space 640K, 100% used [0x03cc0000, 0x03d60000, 0x03d60000)
  to   space 640K,   0% used [0x03c20000, 0x03c20000, 0x03cc0000)
 tenured generation   total 12952K, used 12017K [0x08c50000, 0x098f6000, 0x13700000)
   the space 12952K,  92% used [0x08c50000, 0x0980c408, 0x0980c600, 0x098f6000)
 compacting perm gen  total 12288K, used 5687K [0x13700000, 0x14300000, 0x17700000)
   the space 12288K,  46% used [0x13700000, 0x13c8dc18, 0x13c8de00, 0x14300000)
No shared spaces configured.
}
Event: 6.314 GC heap before
{Heap before GC invocations=27 (full 2):
 def new generation   total 5888K, used 5884K [0x03700000, 0x03d60000, 0x08c50000)
  eden space 5248K,  99% used [0x03700000, 0x03c1f260, 0x03c20000)
  from space 640K, 100% used [0x03cc0000, 0x03d60000, 0x03d60000)
  to   space 640K,   0% used [0x03c20000, 0x03c20000, 0x03cc0000)
 tenured generation   total 12952K, used 12017K [0x08c50000, 0x098f6000, 0x13700000)
   the space 12952K,  92% used [0x08c50000, 0x0980c408, 0x0980c600, 0x098f6000)
 compacting perm gen  total 12288K, used 5687K [0x13700000, 0x14300000, 0x17700000)
   the space 12288K,  46% used [0x13700000, 0x13c8dc18, 0x13c8de00, 0x14300000)
No shared spaces configured.
Event: 6.318 GC heap after
Heap after GC invocations=28 (full 2):
 def new generation   total 5888K, used 639K [0x03700000, 0x03d60000, 0x08c50000)
  eden space 5248K,   0% used [0x03700000, 0x03700000, 0x03c20000)
  from space 640K,  99% used [0x03c20000, 0x03cbfff8, 0x03cc0000)
  to   space 640K,   0% used [0x03cc0000, 0x03cc0000, 0x03d60000)
 tenured generation   total 12952K, used 12614K [0x08c50000, 0x098f6000, 0x13700000)
   the space 12952K,  97% used [0x08c50000, 0x098a1a40, 0x098a1c00, 0x098f6000)
 compacting perm gen  total 12288K, used 5687K [0x13700000, 0x14300000, 0x17700000)
   the space 12288K,  46% used [0x13700000, 0x13c8dc18, 0x13c8de00, 0x14300000)
No shared spaces configured.
}
Event: 6.465 GC heap before
{Heap before GC invocations=28 (full 2):
 def new generation   total 5888K, used 5854K [0x03700000, 0x03d60000, 0x08c50000)
  eden space 5248K,  99% used [0x03700000, 0x03c17a10, 0x03c20000)
  from space 640K,  99% used [0x03c20000, 0x03cbfff8, 0x03cc0000)
  to   space 640K,   0% used [0x03cc0000, 0x03cc0000, 0x03d60000)
 tenured generation   total 12952K, used 12614K [0x08c50000, 0x098f6000, 0x13700000)
   the space 12952K,  97% used [0x08c50000, 0x098a1a40, 0x098a1c00, 0x098f6000)
 compacting perm gen  total 12288K, used 5687K [0x13700000, 0x14300000, 0x17700000)
   the space 12288K,  46% used [0x13700000, 0x13c8dc18, 0x13c8de00, 0x14300000)
No shared spaces configured.
Event: 6.531 GC heap after
Heap after GC invocations=29 (full 3):
 def new generation   total 8320K, used 0K [0x03700000, 0x04000000, 0x08c50000)
  eden space 7424K,   0% used [0x03700000, 0x03700000, 0x03e40000)
  from space 896K,   0% used [0x03e40000, 0x03e40000, 0x03f20000)
  to   space 896K,   0% used [0x03f20000, 0x03f20000, 0x04000000)
 tenured generation   total 18384K, used 11029K [0x08c50000, 0x09e44000, 0x13700000)
   the space 18384K,  59% used [0x08c50000, 0x097155c0, 0x09715600, 0x09e44000)
 compacting perm gen  total 12288K, used 5687K [0x13700000, 0x14300000, 0x17700000)
   the space 12288K,  46% used [0x13700000, 0x13c8dc18, 0x13c8de00, 0x14300000)
No shared spaces configured.
}
Event: 6.786 GC heap before
{Heap before GC invocations=29 (full 3):
 def new generation   total 8320K, used 7424K [0x03700000, 0x04000000, 0x08c50000)
  eden space 7424K, 100% used [0x03700000, 0x03e40000, 0x03e40000)
  from space 896K,   0% used [0x03e40000, 0x03e40000, 0x03f20000)
  to   space 896K,   0% used [0x03f20000, 0x03f20000, 0x04000000)
 tenured generation   total 18384K, used 11029K [0x08c50000, 0x09e44000, 0x13700000)
   the space 18384K,  59% used [0x08c50000, 0x097155c0, 0x09715600, 0x09e44000)
 compacting perm gen  total 12288K, used 5687K [0x13700000, 0x14300000, 0x17700000)
   the space 12288K,  46% used [0x13700000, 0x13c8dc28, 0x13c8de00, 0x14300000)
No shared spaces configured.
Event: 6.790 GC heap after
Heap after GC invocations=30 (full 3):
 def new generation   total 8320K, used 896K [0x03700000, 0x04000000, 0x08c50000)
  eden space 7424K,   0% used [0x03700000, 0x03700000, 0x03e40000)
  from space 896K, 100% used [0x03f20000, 0x04000000, 0x04000000)
  to   space 896K,   0% used [0x03e40000, 0x03e40000, 0x03f20000)
 tenured generation   total 18384K, used 11428K [0x08c50000, 0x09e44000, 0x13700000)
   the space 18384K,  62% used [0x08c50000, 0x09779078, 0x09779200, 0x09e44000)
 compacting perm gen  total 12288K, used 5687K [0x13700000, 0x14300000, 0x17700000)
   the space 12288K,  46% used [0x13700000, 0x13c8dc28, 0x13c8de00, 0x14300000)
No shared spaces configured.
}

